Arguments: 
  /Users/danmckeon/.nvm/versions/node/v10.12.0/bin/node /usr/local/Cellar/yarn/1.6.0/libexec/bin/yarn.js add @types/serverless-http

PATH: 
  /Users/danmckeon/.nvm/versions/node/v10.12.0/bin:/Users/danmckeon/local/node/bin:/Users/danmckeon/.rvm/gems/ruby-2.4.2/bin:/Users/danmckeon/.rvm/gems/ruby-2.4.2@global/bin:/Users/danmckeon/.rvm/rubies/ruby-2.4.2/bin:/usr/local/bin:/usr/local/sbin:~/bin:/Users/danmckeon/.rbenv/bin:/Users/danmckeon/.rbenv/shims:/usr/local/bin:/usr/bin:/bin:/usr/sbin:/sbin:/Users/danmckeon/.rvm/bin

Yarn version: 
  1.6.0

Node version: 
  10.12.0

Platform: 
  darwin x64

Trace: 
  Error: https://registry.yarnpkg.com/@types%2fserverless-http: Not found
      at Request.params.callback [as _callback] (/usr/local/Cellar/yarn/1.6.0/libexec/lib/cli.js:65327:18)
      at Request.self.callback (/usr/local/Cellar/yarn/1.6.0/libexec/lib/cli.js:133155:22)
      at Request.emit (events.js:182:13)
      at Request.<anonymous> (/usr/local/Cellar/yarn/1.6.0/libexec/lib/cli.js:134138:10)
      at Request.emit (events.js:182:13)
      at IncomingMessage.<anonymous> (/usr/local/Cellar/yarn/1.6.0/libexec/lib/cli.js:134058:12)
      at Object.onceWrapper (events.js:273:13)
      at IncomingMessage.emit (events.js:187:15)
      at endReadableNT (_stream_readable.js:1094:12)
      at process._tickCallback (internal/process/next_tick.js:63:19)

npm manifest: 
  {
    "name": "test",
    "version": "1.0.0",
    "description": "",
    "main": "index.js",
    "scripts": {
      "test": "echo \"Error: no test specified\" && exit 1"
    },
    "keywords": [],
    "author": "",
    "license": "ISC",
    "dependencies": {
      "@types/express": "^4.16.0",
      "express": "^4.16.4",
      "serverless-http": "^1.7.2"
    },
    "devDependencies": {
      "babel-core": "^6.26.3",
      "babel-loader": "^8.0.4",
      "babel-plugin-source-map-support": "^2.0.1",
      "babel-preset-env": "^1.7.0",
      "serverless-offline": "^3.30.0",
      "serverless-webpack": "^5.2.0",
      "ts-loader": "^5.2.2",
      "typescript": "^3.1.3",
      "webpack": "^4.23.1",
      "webpack-node-externals": "^1.7.2"
    }
  }

yarn manifest: 
  No manifest

Lockfile: 
  No lockfile
